# JRE version: Java(TM) SE Runtime Environment (8.0_333-b02) (build 1.8.0_333-b02)
# Java VM: Java HotSpot(TM) 64-Bit Server VM (25.333-b02 mixed mode windows-amd64 compressed oops)
Heap:
 PSYoungGen      total 139776K, used 36092K [0x00000000d6700000, 0x00000000e2980000, 0x0000000100000000)
  eden space 129536K, 27% used [0x00000000d6700000,0x00000000d8a3f268,0x00000000de580000)
  from space 10240K, 0% used [0x00000000e1f80000,0x00000000e1f80000,0x00000000e2980000)
  to   space 8192K, 0% used [0x00000000de580000,0x00000000de580000,0x00000000ded80000)
 ParOldGen       total 82432K, used 14179K [0x0000000083400000, 0x0000000088480000, 0x00000000d6700000)
  object space 82432K, 17% used [0x0000000083400000,0x00000000841d8e18,0x0000000088480000)
 Metaspace       used 34114K, capacity 36136K, committed 36224K, reserved 1081344K
  class space    used 4546K, capacity 4934K, committed 4992K, reserved 1048576K
GC Heap History (10 events):
Event: 3.672 GC heap before
{Heap before GC invocations=6 (full 1):
 PSYoungGen      total 70656K, used 5090K [0x00000000d6700000, 0x00000000df700000, 0x0000000100000000)
  eden space 65536K, 0% used [0x00000000d6700000,0x00000000d6700000,0x00000000da700000)
  from space 5120K, 99% used [0x00000000da700000,0x00000000dabf8818,0x00000000dac00000)
  to   space 8192K, 0% used [0x00000000def00000,0x00000000def00000,0x00000000df700000)
 ParOldGen       total 86016K, used 4802K [0x0000000083400000, 0x0000000088800000, 0x00000000d6700000)
  object space 86016K, 5% used [0x0000000083400000,0x00000000838b0a00,0x0000000088800000)
 Metaspace       used 19983K, capacity 21266K, committed 21296K, reserved 1067008K
  class space    used 2650K, capacity 2921K, committed 2944K, reserved 1048576K
Event: 3.713 GC heap after
Heap after GC invocations=6 (full 1):
 PSYoungGen      total 70656K, used 0K [0x00000000d6700000, 0x00000000df700000, 0x0000000100000000)
  eden space 65536K, 0% used [0x00000000d6700000,0x00000000d6700000,0x00000000da700000)
  from space 5120K, 0% used [0x00000000da700000,0x00000000da700000,0x00000000dac00000)
  to   space 8192K, 0% used [0x00000000def00000,0x00000000def00000,0x00000000df700000)
 ParOldGen       total 53760K, used 7657K [0x0000000083400000, 0x0000000086880000, 0x00000000d6700000)
  object space 53760K, 14% used [0x0000000083400000,0x0000000083b7a798,0x0000000086880000)
 Metaspace       used 19983K, capacity 21266K, committed 21296K, reserved 1067008K
  class space    used 2650K, capacity 2921K, committed 2944K, reserved 1048576K
}
Event: 4.331 GC heap before
{Heap before GC invocations=7 (full 1):
 PSYoungGen      total 70656K, used 65536K [0x00000000d6700000, 0x00000000df700000, 0x0000000100000000)
  eden space 65536K, 100% used [0x00000000d6700000,0x00000000da700000,0x00000000da700000)
  from space 5120K, 0% used [0x00000000da700000,0x00000000da700000,0x00000000dac00000)
  to   space 8192K, 0% used [0x00000000def00000,0x00000000def00000,0x00000000df700000)
 ParOldGen       total 53760K, used 7657K [0x0000000083400000, 0x0000000086880000, 0x00000000d6700000)
  object space 53760K, 14% used [0x0000000083400000,0x0000000083b7a798,0x0000000086880000)
 Metaspace       used 24422K, capacity 25834K, committed 26112K, reserved 1071104K
  class space    used 3265K, capacity 3575K, committed 3584K, reserved 1048576K
Event: 4.339 GC heap after
Heap after GC invocations=7 (full 1):
 PSYoungGen      total 116224K, used 6422K [0x00000000d6700000, 0x00000000df580000, 0x0000000100000000)
  eden space 109568K, 0% used [0x00000000d6700000,0x00000000d6700000,0x00000000dd200000)
  from space 6656K, 96% used [0x00000000def00000,0x00000000df545898,0x00000000df580000)
  to   space 8192K, 0% used [0x00000000de580000,0x00000000de580000,0x00000000ded80000)
 ParOldGen       total 53760K, used 7657K [0x0000000083400000, 0x0000000086880000, 0x00000000d6700000)
  object space 53760K, 14% used [0x0000000083400000,0x0000000083b7a798,0x0000000086880000)
 Metaspace       used 24422K, capacity 25834K, committed 26112K, reserved 1071104K
  class space    used 3265K, capacity 3575K, committed 3584K, reserved 1048576K
}
Event: 5.896 GC heap before
{Heap before GC invocations=8 (full 1):
 PSYoungGen      total 116224K, used 115990K [0x00000000d6700000, 0x00000000df580000, 0x0000000100000000)
  eden space 109568K, 100% used [0x00000000d6700000,0x00000000dd200000,0x00000000dd200000)
  from space 6656K, 96% used [0x00000000def00000,0x00000000df545898,0x00000000df580000)
  to   space 8192K, 0% used [0x00000000de580000,0x00000000de580000,0x00000000ded80000)
 ParOldGen       total 53760K, used 7657K [0x0000000083400000, 0x0000000086880000, 0x00000000d6700000)
  object space 53760K, 14% used [0x0000000083400000,0x0000000083b7a798,0x0000000086880000)
 Metaspace       used 30057K, capacity 31900K, committed 32000K, reserved 1077248K
  class space    used 4006K, capacity 4338K, committed 4352K, reserved 1048576K
Event: 5.911 GC heap after
Heap after GC invocations=8 (full 1):
 PSYoungGen      total 137728K, used 8176K [0x00000000d6700000, 0x00000000e2980000, 0x0000000100000000)
  eden space 129536K, 0% used [0x00000000d6700000,0x00000000d6700000,0x00000000de580000)
  from space 8192K, 99% used [0x00000000de580000,0x00000000ded7c260,0x00000000ded80000)
  to   space 10240K, 0% used [0x00000000e1f80000,0x00000000e1f80000,0x00000000e2980000)
 ParOldGen       total 53760K, used 10403K [0x0000000083400000, 0x0000000086880000, 0x00000000d6700000)
  object space 53760K, 19% used [0x0000000083400000,0x0000000083e28d70,0x0000000086880000)
 Metaspace       used 30057K, capacity 31900K, committed 32000K, reserved 1077248K
  class space    used 4006K, capacity 4338K, committed 4352K, reserved 1048576K
}
Event: 6.857 GC heap before
{Heap before GC invocations=9 (full 1):
 PSYoungGen      total 137728K, used 57778K [0x00000000d6700000, 0x00000000e2980000, 0x0000000100000000)
  eden space 129536K, 38% used [0x00000000d6700000,0x00000000d9770720,0x00000000de580000)
  from space 8192K, 99% used [0x00000000de580000,0x00000000ded7c260,0x00000000ded80000)
  to   space 10240K, 0% used [0x00000000e1f80000,0x00000000e1f80000,0x00000000e2980000)
 ParOldGen       total 53760K, used 10403K [0x0000000083400000, 0x0000000086880000, 0x00000000d6700000)
  object space 53760K, 19% used [0x0000000083400000,0x0000000083e28d70,0x0000000086880000)
 Metaspace       used 33441K, capacity 35450K, committed 35496K, reserved 1079296K
  class space    used 4444K, capacity 4821K, committed 4864K, reserved 1048576K
Event: 6.867 GC heap after
Heap after GC invocations=9 (full 1):
 PSYoungGen      total 139776K, used 9239K [0x00000000d6700000, 0x00000000e2980000, 0x0000000100000000)
  eden space 129536K, 0% used [0x00000000d6700000,0x00000000d6700000,0x00000000de580000)
  from space 10240K, 90% used [0x00000000e1f80000,0x00000000e2885c28,0x00000000e2980000)
  to   space 8192K, 0% used [0x00000000de580000,0x00000000de580000,0x00000000ded80000)
 ParOldGen       total 53760K, used 10411K [0x0000000083400000, 0x0000000086880000, 0x00000000d6700000)
  object space 53760K, 19% used [0x0000000083400000,0x0000000083e2ad70,0x0000000086880000)
 Metaspace       used 33441K, capacity 35450K, committed 35496K, reserved 1079296K
  class space    used 4444K, capacity 4821K, committed 4864K, reserved 1048576K
}
Event: 6.867 GC heap before
{Heap before GC invocations=10 (full 2):
 PSYoungGen      total 139776K, used 9239K [0x00000000d6700000, 0x00000000e2980000, 0x0000000100000000)
  eden space 129536K, 0% used [0x00000000d6700000,0x00000000d6700000,0x00000000de580000)
  from space 10240K, 90% used [0x00000000e1f80000,0x00000000e2885c28,0x00000000e2980000)
  to   space 8192K, 0% used [0x00000000de580000,0x00000000de580000,0x00000000ded80000)
 ParOldGen       total 53760K, used 10411K [0x0000000083400000, 0x0000000086880000, 0x00000000d6700000)
  object space 53760K, 19% used [0x0000000083400000,0x0000000083e2ad70,0x0000000086880000)
 Metaspace       used 33441K, capacity 35450K, committed 35496K, reserved 1079296K
  class space    used 4444K, capacity 4821K, committed 4864K, reserved 1048576K
Event: 6.934 GC heap after
Heap after GC invocations=10 (full 2):
 PSYoungGen      total 139776K, used 0K [0x00000000d6700000, 0x00000000e2980000, 0x0000000100000000)
  eden space 129536K, 0% used [0x00000000d6700000,0x00000000d6700000,0x00000000de580000)
  from space 10240K, 0% used [0x00000000e1f80000,0x00000000e1f80000,0x00000000e2980000)
  to   space 8192K, 0% used [0x00000000de580000,0x00000000de580000,0x00000000ded80000)
 ParOldGen       total 82432K, used 14179K [0x0000000083400000, 0x0000000088480000, 0x00000000d6700000)
  object space 82432K, 17% used [0x0000000083400000,0x00000000841d8e18,0x0000000088480000)
 Metaspace       used 33441K, capacity 35450K, committed 35496K, reserved 1079296K
  class space    used 4444K, capacity 4821K, committed 4864K, reserved 1048576K
}

